2014/02/10 22:42:49 [error] [exception.CException] exception 'CException' with message 'CAssetManager.basePath "/Applications/XAMPP/xamppfiles/htdocs/zip_research/zip_research/assets" is invalid. Please make sure the directory exists and is writable by the Web server process.' in /Applications/XAMPP/xamppfiles/htdocs/zip_research/framework/web/CAssetManager.php:138
Stack trace:
#0 /Applications/XAMPP/xamppfiles/htdocs/zip_research/framework/web/CAssetManager.php(123): CAssetManager->setBasePath('/Applications/X...')
#1 /Applications/XAMPP/xamppfiles/htdocs/zip_research/framework/web/CAssetManager.php(217): CAssetManager->getBasePath()
#2 /Applications/XAMPP/xamppfiles/htdocs/zip_research/framework/web/CClientScript.php(510): CAssetManager->publish('/Applications/X...')
#3 /Applications/XAMPP/xamppfiles/htdocs/zip_research/framework/web/CClientScript.php(547): CClientScript->getCoreScriptUrl()
#4 /Applications/XAMPP/xamppfiles/htdocs/zip_research/framework/web/CClientScript.php(348): CClientScript->getPackageBaseUrl('jquery')
#5 /Applications/XAMPP/xamppfiles/htdocs/zip_research/framework/web/CClientScript.php(208): CClientScript->renderCoreScripts()
#6 /Applications/XAMPP/xamppfiles/htdocs/zip_research/framework/web/CController.php(351): CClientScript->render('<!DOCTYPE html ...')
#7 /Applications/XAMPP/xamppfiles/htdocs/zip_research/framework/web/CController.php(788): CController->processOutput('<!DOCTYPE html ...')
#8 /Applications/XAMPP/xamppfiles/htdocs/zip_research/zip_research/protected/controllers/SiteController.php(98): CController->render('login', Array)
#9 /Applications/XAMPP/xamppfiles/htdocs/zip_research/framework/web/actions/CInlineAction.php(49): SiteController->actionLogin()
#10 /Applications/XAMPP/xamppfiles/htdocs/zip_research/framework/web/CController.php(308): CInlineAction->runWithParams(Array)
#11 /Applications/XAMPP/xamppfiles/htdocs/zip_research/framework/web/CController.php(286): CController->runAction(Object(CInlineAction))
#12 /Applications/XAMPP/xamppfiles/htdocs/zip_research/framework/web/CController.php(265): CController->runActionWithFilters(Object(CInlineAction), Array)
#13 /Applications/XAMPP/xamppfiles/htdocs/zip_research/framework/web/CWebApplication.php(282): CController->run('login')
#14 /Applications/XAMPP/xamppfiles/htdocs/zip_research/framework/web/CWebApplication.php(141): CWebApplication->runController('site/login')
#15 /Applications/XAMPP/xamppfiles/htdocs/zip_research/framework/base/CApplication.php(180): CWebApplication->processRequest()
#16 /Applications/XAMPP/xamppfiles/htdocs/zip_research/zip_research/index.php(13): CApplication->run()
#17 {main}
REQUEST_URI=/zip_research/zip_research/index.php?r=site/login
HTTP_REFERER=http://localhost/zip_research/zip_research/
---
2014/02/10 22:43:03 [error] [exception.CException] exception 'CException' with message 'CAssetManager.basePath "/Applications/XAMPP/xamppfiles/htdocs/zip_research/zip_research/assets" is invalid. Please make sure the directory exists and is writable by the Web server process.' in /Applications/XAMPP/xamppfiles/htdocs/zip_research/framework/web/CAssetManager.php:138
Stack trace:
#0 /Applications/XAMPP/xamppfiles/htdocs/zip_research/framework/web/CAssetManager.php(123): CAssetManager->setBasePath('/Applications/X...')
#1 /Applications/XAMPP/xamppfiles/htdocs/zip_research/framework/web/CAssetManager.php(217): CAssetManager->getBasePath()
#2 /Applications/XAMPP/xamppfiles/htdocs/zip_research/framework/web/CClientScript.php(510): CAssetManager->publish('/Applications/X...')
#3 /Applications/XAMPP/xamppfiles/htdocs/zip_research/framework/web/CClientScript.php(547): CClientScript->getCoreScriptUrl()
#4 /Applications/XAMPP/xamppfiles/htdocs/zip_research/framework/web/CClientScript.php(348): CClientScript->getPackageBaseUrl('jquery')
#5 /Applications/XAMPP/xamppfiles/htdocs/zip_research/framework/web/CClientScript.php(208): CClientScript->renderCoreScripts()
#6 /Applications/XAMPP/xamppfiles/htdocs/zip_research/framework/web/CController.php(351): CClientScript->render('<!DOCTYPE html ...')
#7 /Applications/XAMPP/xamppfiles/htdocs/zip_research/framework/web/CController.php(788): CController->processOutput('<!DOCTYPE html ...')
#8 /Applications/XAMPP/xamppfiles/htdocs/zip_research/zip_research/protected/controllers/SiteController.php(72): CController->render('contact', Array)
#9 /Applications/XAMPP/xamppfiles/htdocs/zip_research/framework/web/actions/CInlineAction.php(49): SiteController->actionContact()
#10 /Applications/XAMPP/xamppfiles/htdocs/zip_research/framework/web/CController.php(308): CInlineAction->runWithParams(Array)
#11 /Applications/XAMPP/xamppfiles/htdocs/zip_research/framework/web/CController.php(286): CController->runAction(Object(CInlineAction))
#12 /Applications/XAMPP/xamppfiles/htdocs/zip_research/framework/web/CController.php(265): CController->runActionWithFilters(Object(CInlineAction), Array)
#13 /Applications/XAMPP/xamppfiles/htdocs/zip_research/framework/web/CWebApplication.php(282): CController->run('contact')
#14 /Applications/XAMPP/xamppfiles/htdocs/zip_research/framework/web/CWebApplication.php(141): CWebApplication->runController('site/contact')
#15 /Applications/XAMPP/xamppfiles/htdocs/zip_research/framework/base/CApplication.php(180): CWebApplication->processRequest()
#16 /Applications/XAMPP/xamppfiles/htdocs/zip_research/zip_research/index.php(13): CApplication->run()
#17 {main}
REQUEST_URI=/zip_research/zip_research/index.php?r=site/contact
HTTP_REFERER=http://localhost/zip_research/zip_research/
---
2014/02/10 22:43:11 [error] [exception.CException] exception 'CException' with message 'CAssetManager.basePath "/Applications/XAMPP/xamppfiles/htdocs/zip_research/zip_research/assets" is invalid. Please make sure the directory exists and is writable by the Web server process.' in /Applications/XAMPP/xamppfiles/htdocs/zip_research/framework/web/CAssetManager.php:138
Stack trace:
#0 /Applications/XAMPP/xamppfiles/htdocs/zip_research/framework/web/CAssetManager.php(123): CAssetManager->setBasePath('/Applications/X...')
#1 /Applications/XAMPP/xamppfiles/htdocs/zip_research/framework/web/CAssetManager.php(217): CAssetManager->getBasePath()
#2 /Applications/XAMPP/xamppfiles/htdocs/zip_research/framework/web/CClientScript.php(510): CAssetManager->publish('/Applications/X...')
#3 /Applications/XAMPP/xamppfiles/htdocs/zip_research/framework/web/CClientScript.php(547): CClientScript->getCoreScriptUrl()
#4 /Applications/XAMPP/xamppfiles/htdocs/zip_research/framework/web/CClientScript.php(348): CClientScript->getPackageBaseUrl('jquery')
#5 /Applications/XAMPP/xamppfiles/htdocs/zip_research/framework/web/CClientScript.php(208): CClientScript->renderCoreScripts()
#6 /Applications/XAMPP/xamppfiles/htdocs/zip_research/framework/web/CController.php(351): CClientScript->render('<!DOCTYPE html ...')
#7 /Applications/XAMPP/xamppfiles/htdocs/zip_research/framework/web/CController.php(788): CController->processOutput('<!DOCTYPE html ...')
#8 /Applications/XAMPP/xamppfiles/htdocs/zip_research/zip_research/protected/controllers/SiteController.php(98): CController->render('login', Array)
#9 /Applications/XAMPP/xamppfiles/htdocs/zip_research/framework/web/actions/CInlineAction.php(49): SiteController->actionLogin()
#10 /Applications/XAMPP/xamppfiles/htdocs/zip_research/framework/web/CController.php(308): CInlineAction->runWithParams(Array)
#11 /Applications/XAMPP/xamppfiles/htdocs/zip_research/framework/web/CController.php(286): CController->runAction(Object(CInlineAction))
#12 /Applications/XAMPP/xamppfiles/htdocs/zip_research/framework/web/CController.php(265): CController->runActionWithFilters(Object(CInlineAction), Array)
#13 /Applications/XAMPP/xamppfiles/htdocs/zip_research/framework/web/CWebApplication.php(282): CController->run('login')
#14 /Applications/XAMPP/xamppfiles/htdocs/zip_research/framework/web/CWebApplication.php(141): CWebApplication->runController('site/login')
#15 /Applications/XAMPP/xamppfiles/htdocs/zip_research/framework/base/CApplication.php(180): CWebApplication->processRequest()
#16 /Applications/XAMPP/xamppfiles/htdocs/zip_research/zip_research/index.php(13): CApplication->run()
#17 {main}
REQUEST_URI=/zip_research/zip_research/index.php?r=site/login
HTTP_REFERER=http://localhost/zip_research/zip_research/index.php?r=site/index
---
